[quanticalabs.com/Pressroom/Template/index.html]
[backblue.gif]
[fade.gif]
[index.html]
[quanticalabs.com/Pressroom/Template/style/reset.css]
[quanticalabs.com/Pressroom/Template/style/superfish.css]
[quanticalabs.com/Pressroom/Template/style/prettyPhoto.css]
[quanticalabs.com/Pressroom/Template/style/jquery.qtip.css]
[quanticalabs.com/Pressroom/Template/style/style.css]
[quanticalabs.com/Pressroom/Template/style/menu_styles.css]
[quanticalabs.com/Pressroom/Template/style/animations.css]
[quanticalabs.com/Pressroom/Template/style/responsive.css]
[quanticalabs.com/Pressroom/Template/style/odometer-theme-default.html]
[quanticalabs.com/Pressroom/Template/index.html]
[quanticalabs.com/Pressroom/Template/style/reset.css]
[quanticalabs.com/Pressroom/Template/style/superfish.css]
[quanticalabs.com/Pressroom/Template/style/prettyPhoto.css]
[quanticalabs.com/Pressroom/Template/style/jquery.qtip.css]
[quanticalabs.com/Pressroom/Template/style/style.css]
[quanticalabs.com/Pressroom/Template/style/menu_styles.css]
[quanticalabs.com/Pressroom/Template/style/animations.css]
[quanticalabs.com/Pressroom/Template/style/responsive.css]
[quanticalabs.com/Pressroom/Template/style/odometer-theme-default.html]
